<?xml version="1.0" encoding="UTF-8"?>
<!-- Generated by org.testng.reporters.JUnitXMLReporter -->
<testsuite ignored="0" hostname="Saikiran-Tata" failures="0" tests="13" name="Test" time="12.399" errors="0" timestamp="2023-05-24T23:43:25 IST">
  <testcase classname="com.AutomationProject.EndToEndProject.EndToEndProject" name="link" time="5.757"/>
  <testcase classname="com.AutomationProject.EndToEndProject.EndToEndProject" name="GetTitle" time="0.053"/>
  <testcase classname="com.AutomationProject.EndToEndProject.EndToEndProject" name="DoubleClick" time="0.323"/>
  <testcase classname="com.AutomationProject.EndToEndProject.EndToEndProject" name="TextEntry" time="0.068"/>
  <testcase classname="com.AutomationProject.EndToEndProject.EndToEndProject" name="Search" time="0.109"/>
  <testcase classname="com.AutomationProject.EndToEndProject.EndToEndProject" name="SelectResults" time="0.658"/>
  <testcase classname="com.AutomationProject.EndToEndProject.EndToEndProject" name="Alert" time="0.115"/>
  <testcase classname="com.AutomationProject.EndToEndProject.EndToEndProject" name="SelectSpeed" time="0.246"/>
  <testcase classname="com.AutomationProject.EndToEndProject.EndToEndProject" name="SelectFile" time="0.184"/>
  <testcase classname="com.AutomationProject.EndToEndProject.EndToEndProject" name="DatePicker" time="0.133"/>
  <testcase classname="com.AutomationProject.EndToEndProject.EndToEndProject" name="DragAndDrop" time="0.363"/>
  <testcase classname="com.AutomationProject.EndToEndProject.EndToEndProject" name="Slider" time="0.479"/>
  <testcase classname="com.AutomationProject.EndToEndProject.EndToEndProject" name="Resizable" time="0.07"/>
</testsuite> <!-- Test -->
